[debug] [2025-03-21T08:32:04.479Z] ----------------------------------------------------------------------
[debug] [2025-03-21T08:32:04.481Z] Command:       C:\Program Files\nodejs\node.exe C:\Users\kabao\AppData\Roaming\npm\node_modules\firebase-tools\lib\bin\firebase.js init
[debug] [2025-03-21T08:32:04.481Z] CLI Version:   13.35.1
[debug] [2025-03-21T08:32:04.481Z] Platform:      win32
[debug] [2025-03-21T08:32:04.481Z] Node Version:  v21.6.1
[debug] [2025-03-21T08:32:04.481Z] Time:          Fri Mar 21 2025 17:32:04 GMT+0900 (日本標準時)
[debug] [2025-03-21T08:32:04.481Z] ----------------------------------------------------------------------
[debug] 
[debug] [2025-03-21T08:32:04.487Z] > command requires scopes: ["email","openid","https://www.googleapis.com/auth/cloudplatformprojects.readonly","https://www.googleapis.com/auth/firebase","https://www.googleapis.com/auth/cloud-platform"]
[debug] [2025-03-21T08:32:04.487Z] > authorizing via signed-in user (takanori.tomita.pg@gmail.com)
[info] 
     ######## #### ########  ######## ########     ###     ######  ########
     ##        ##  ##     ## ##       ##     ##  ##   ##  ##       ##
     ######    ##  ########  ######   ########  #########  ######  ######
     ##        ##  ##    ##  ##       ##     ## ##     ##       ## ##
     ##       #### ##     ## ######## ########  ##     ##  ######  ########

You're about to initialize a Firebase project in this directory:

  C:\project\node\live\app

Before we get started, keep in mind:

  * You are currently outside your home directory

[info] 
=== Project Setup
[info] 
[info] First, let's associate this project directory with a Firebase project.
[info] You can create multiple project aliases by running firebase use --add, 
[info] but for now we'll just set up a default project.
[info] 
[debug] [2025-03-21T08:32:27.621Z] Checked if tokens are valid: false, expires at: 1707803576756
[debug] [2025-03-21T08:32:27.621Z] Checked if tokens are valid: false, expires at: 1707803576756
[debug] [2025-03-21T08:32:27.621Z] > refreshing access token with scopes: []
[debug] [2025-03-21T08:32:27.622Z] >>> [apiv2][query] POST https://www.googleapis.com/oauth2/v3/token [none]
[debug] [2025-03-21T08:32:27.622Z] >>> [apiv2][body] POST https://www.googleapis.com/oauth2/v3/token [omitted]
[debug] [2025-03-21T08:32:28.134Z] <<< [apiv2][status] POST https://www.googleapis.com/oauth2/v3/token 400
[debug] [2025-03-21T08:32:28.134Z] <<< [apiv2][body] POST https://www.googleapis.com/oauth2/v3/token [omitted]
[debug] [2025-03-21T08:32:28.135Z] >>> [apiv2][query] GET https://firebase.googleapis.com/v1beta1/projects pageSize=100
[debug] [2025-03-21T08:32:28.621Z] <<< [apiv2][status] GET https://firebase.googleapis.com/v1beta1/projects 401
[debug] [2025-03-21T08:32:28.621Z] <<< [apiv2][body] GET https://firebase.googleapis.com/v1beta1/projects [omitted]
[debug] [2025-03-21T08:32:28.621Z] Got a 401 Unauthenticated error for a call that required authentication. Refreshing tokens.
[debug] [2025-03-21T08:32:28.621Z] Checked if tokens are valid: false, expires at: 1707803576756
[debug] [2025-03-21T08:32:28.621Z] Checked if tokens are valid: false, expires at: 1707803576756
[debug] [2025-03-21T08:32:28.621Z] > refreshing access token with scopes: []
[debug] [2025-03-21T08:32:28.621Z] >>> [apiv2][query] POST https://www.googleapis.com/oauth2/v3/token [none]
[debug] [2025-03-21T08:32:28.621Z] >>> [apiv2][body] POST https://www.googleapis.com/oauth2/v3/token [omitted]
[debug] [2025-03-21T08:32:28.682Z] <<< [apiv2][status] POST https://www.googleapis.com/oauth2/v3/token 400
[debug] [2025-03-21T08:32:28.682Z] <<< [apiv2][body] POST https://www.googleapis.com/oauth2/v3/token [omitted]
[debug] [2025-03-21T08:32:28.682Z] Request to https://firebase.googleapis.com/v1beta1/projects?pageSize=100 had HTTP Error: 401, Request had invalid authentication credentials. Expected OAuth 2 access token, login cookie or other valid authentication credential. See https://developers.google.com/identity/sign-in/web/devconsole-project.
[debug] [2025-03-21T08:32:28.776Z] FirebaseError: Request to https://firebase.googleapis.com/v1beta1/projects?pageSize=100 had HTTP Error: 401, Request had invalid authentication credentials. Expected OAuth 2 access token, login cookie or other valid authentication credential. See https://developers.google.com/identity/sign-in/web/devconsole-project.
    at responseToError (C:\Users\kabao\AppData\Roaming\npm\node_modules\firebase-tools\lib\responseToError.js:52:12)
    at RetryOperation._fn (C:\Users\kabao\AppData\Roaming\npm\node_modules\firebase-tools\lib\apiv2.js:312:77)
    at process.processTicksAndRejections (node:internal/process/task_queues:95:5)
[error] 
[error] Error: Failed to list Firebase projects. See firebase-debug.log for more info.
